<?xml version="1.0" encoding="UTF-8"?>
<!-- Generated by org.testng.reporters.JUnitXMLReporter -->
<testsuite ignored="1" hostname="Sharmins-MBP" failures="0" tests="4" name="Default test" time="1.64" errors="0" timestamp="2023-11-16T20:03:00 EST">
  <testcase classname="restAssured_demo.Request_test" name="getRequestTest" time="1.159"/>
  <testcase classname="restAssured_demo.Request_test" name="put_request" time="0.269"/>
  <testcase classname="restAssured_demo.Request_test" name="testcase1_postrequest" time="0.129"/>
  <testcase classname="restAssured_demo.Request_test" name="testcase_BDD" time="0.051"/>
  <testcase classname="restAssured_demo.Request_test" name="BDDstyle_PostRequest" time="0.0">
    <ignored/>
  </testcase> <!-- BDDstyle_PostRequest -->
</testsuite> <!-- Default test -->
