<?xml version="1.0" encoding="UTF-8"?>
<testng-results ignored="0" total="4" passed="4" failed="0" skipped="0">
  <reporter-output>
  </reporter-output>
  <suite started-at="2023-11-16T20:02:59 EST" name="Default suite" finished-at="2023-11-16T20:03:00 EST" duration-ms="1640">
    <groups>
    </groups>
    <test started-at="2023-11-16T20:02:59 EST" name="Default test" finished-at="2023-11-16T20:03:00 EST" duration-ms="1640">
      <class name="restAssured_demo.Request_test">
        <test-method signature="getRequestTest()[pri:0, instance:restAssured_demo.Request_test@5af3afd9]" started-at="2023-11-16T20:02:59 EST" name="getRequestTest" finished-at="2023-11-16T20:03:00 EST" duration-ms="1159" status="PASS">
          <reporter-output>
          </reporter-output>
        </test-method> <!-- getRequestTest -->
        <test-method signature="put_request()[pri:0, instance:restAssured_demo.Request_test@5af3afd9]" started-at="2023-11-16T20:03:00 EST" name="put_request" finished-at="2023-11-16T20:03:00 EST" duration-ms="269" status="PASS">
          <reporter-output>
          </reporter-output>
        </test-method> <!-- put_request -->
        <test-method signature="testcase1_postrequest()[pri:0, instance:restAssured_demo.Request_test@5af3afd9]" started-at="2023-11-16T20:03:00 EST" name="testcase1_postrequest" finished-at="2023-11-16T20:03:00 EST" duration-ms="129" status="PASS">
          <reporter-output>
          </reporter-output>
        </test-method> <!-- testcase1_postrequest -->
        <test-method signature="testcase_BDD()[pri:0, instance:restAssured_demo.Request_test@5af3afd9]" started-at="2023-11-16T20:03:00 EST" name="testcase_BDD" finished-at="2023-11-16T20:03:00 EST" duration-ms="51" status="PASS">
          <reporter-output>
          </reporter-output>
        </test-method> <!-- testcase_BDD -->
      </class> <!-- restAssured_demo.Request_test -->
    </test> <!-- Default test -->
  </suite> <!-- Default suite -->
</testng-results>
